<?xml version="1.0" encoding="UTF-8"?>
<testng-results ignored="0" total="2" passed="2" failed="0" skipped="0">
  <reporter-output>
  </reporter-output>
  <suite started-at="2020-06-05T23:38:02 CEST" name="Default suite" finished-at="2020-06-05T23:38:27 CEST" duration-ms="25033">
    <groups>
    </groups>
    <test started-at="2020-06-05T23:38:02 CEST" name="Default test" finished-at="2020-06-05T23:38:27 CEST" duration-ms="25033">
      <class name="secondtestngpackage.SecondTestNGFile">
        <test-method is-config="true" signature="launchBrowser()[pri:0, instance:secondtestngpackage.SecondTestNGFile@1d8bd0de]" started-at="2020-06-05T23:38:02 CEST" name="launchBrowser" finished-at="2020-06-05T23:38:13 CEST" duration-ms="11335" status="PASS">
          <reporter-output>
          </reporter-output>
        </test-method> <!-- launchBrowser -->
        <test-method is-config="true" signature="verifyHomepageTitle()[pri:0, instance:secondtestngpackage.SecondTestNGFile@1d8bd0de]" started-at="2020-06-05T23:38:13 CEST" name="verifyHomepageTitle" finished-at="2020-06-05T23:38:13 CEST" duration-ms="12" status="PASS">
          <reporter-output>
          </reporter-output>
        </test-method> <!-- verifyHomepageTitle -->
        <test-method signature="register()[pri:0, instance:secondtestngpackage.SecondTestNGFile@1d8bd0de]" started-at="2020-06-05T23:38:13 CEST" name="register" finished-at="2020-06-05T23:38:14 CEST" duration-ms="1283" status="PASS">
          <reporter-output>
          </reporter-output>
        </test-method> <!-- register -->
        <test-method is-config="true" signature="goBackTiHomePage()[pri:0, instance:secondtestngpackage.SecondTestNGFile@1d8bd0de]" started-at="2020-06-05T23:38:14 CEST" name="goBackTiHomePage" finished-at="2020-06-05T23:38:17 CEST" duration-ms="2236" status="PASS">
          <reporter-output>
          </reporter-output>
        </test-method> <!-- goBackTiHomePage -->
        <test-method signature="support()[pri:1, instance:secondtestngpackage.SecondTestNGFile@1d8bd0de]" started-at="2020-06-05T23:38:17 CEST" name="support" finished-at="2020-06-05T23:38:18 CEST" duration-ms="1191" status="PASS">
          <reporter-output>
          </reporter-output>
        </test-method> <!-- support -->
        <test-method is-config="true" signature="verifyHomepageTitle()[pri:0, instance:secondtestngpackage.SecondTestNGFile@1d8bd0de]" started-at="2020-06-05T23:38:17 CEST" name="verifyHomepageTitle" finished-at="2020-06-05T23:38:17 CEST" duration-ms="0" status="PASS">
          <reporter-output>
          </reporter-output>
        </test-method> <!-- verifyHomepageTitle -->
        <test-method is-config="true" signature="goBackTiHomePage()[pri:0, instance:secondtestngpackage.SecondTestNGFile@1d8bd0de]" started-at="2020-06-05T23:38:18 CEST" name="goBackTiHomePage" finished-at="2020-06-05T23:38:19 CEST" duration-ms="957" status="PASS">
          <reporter-output>
          </reporter-output>
        </test-method> <!-- goBackTiHomePage -->
        <test-method is-config="true" signature="afterTest()[pri:0, instance:secondtestngpackage.SecondTestNGFile@1d8bd0de]" started-at="2020-06-05T23:38:19 CEST" name="afterTest" finished-at="2020-06-05T23:38:27 CEST" duration-ms="7940" status="PASS">
          <reporter-output>
          </reporter-output>
        </test-method> <!-- afterTest -->
      </class> <!-- secondtestngpackage.SecondTestNGFile -->
    </test> <!-- Default test -->
  </suite> <!-- Default suite -->
</testng-results>
