<?xml version="1.0" encoding="UTF-8"?>
<!-- Generated by org.testng.reporters.JUnitXMLReporter -->
<testsuite ignored="0" hostname="DESKTOP-UKPN5A1" failures="0" tests="3" name="Default test" time="41.926" errors="0" timestamp="2020-06-08T00:26:25 CEST">
  <testcase classname="com.multiplepackage.TestMutipleSession" name="executSessionOne" time="11.042"/>
  <testcase classname="com.multiplepackage.TestMutipleSession" name="executeSessionThree" time="12.85"/>
  <testcase classname="com.multiplepackage.TestMutipleSession" name="executeSessionTwo" time="17.945"/>
</testsuite> <!-- Default test -->
