<?xml version="1.0" encoding="UTF-8"?>
<!-- Generated by org.testng.reporters.JUnitXMLReporter -->
<testsuite ignored="0" hostname="DESKTOP-UKPN5A1" failures="1" tests="3" name="Test" time="18.176" errors="0" timestamp="2020-06-08T01:35:13 CEST">
  <testcase classname="login_demo.LoginTestCase" name="LaunchNavigator" time="15.307"/>
  <testcase classname="login_demo.LoginTestCase" name="LoginToTheApplication" time="2.72"/>
  <testcase classname="login_demo.LoginTestCase" name="TestFail" time="0.005">
    <failure type="java.lang.AssertionError" message="expected [true] but found [false]">
      <![CDATA[java.lang.AssertionError: expected [true] but found [false]
at login_demo.LoginTestCase.TestFail(LoginTestCase.java:49)
at java.base/java.util.ArrayList.forEach(ArrayList.java:1540)
... Removed 31 stack frames]]>
    </failure>
  </testcase> <!-- TestFail -->
</testsuite> <!-- Test -->
