<?xml version="1.0" encoding="UTF-8"?>
<testng-results ignored="0" total="3" passed="3" failed="0" skipped="0">
  <reporter-output>
  </reporter-output>
  <suite started-at="2020-06-08T00:25:43 CEST" name="Default suite" finished-at="2020-06-08T00:26:25 CEST" duration-ms="41926">
    <groups>
    </groups>
    <test started-at="2020-06-08T00:25:43 CEST" name="Default test" finished-at="2020-06-08T00:26:25 CEST" duration-ms="41926">
      <class name="com.multiplepackage.TestMutipleSession">
        <test-method signature="executSessionOne()[pri:0, instance:com.multiplepackage.TestMutipleSession@672872e1]" started-at="2020-06-08T00:25:43 CEST" name="executSessionOne" finished-at="2020-06-08T00:25:54 CEST" duration-ms="11042" status="PASS">
          <reporter-output>
          </reporter-output>
        </test-method> <!-- executSessionOne -->
        <test-method signature="executeSessionThree()[pri:0, instance:com.multiplepackage.TestMutipleSession@672872e1]" started-at="2020-06-08T00:25:54 CEST" name="executeSessionThree" finished-at="2020-06-08T00:26:07 CEST" duration-ms="12850" status="PASS">
          <reporter-output>
          </reporter-output>
        </test-method> <!-- executeSessionThree -->
        <test-method signature="executeSessionTwo()[pri:0, instance:com.multiplepackage.TestMutipleSession@672872e1]" started-at="2020-06-08T00:26:07 CEST" name="executeSessionTwo" finished-at="2020-06-08T00:26:25 CEST" duration-ms="17945" status="PASS">
          <reporter-output>
          </reporter-output>
        </test-method> <!-- executeSessionTwo -->
      </class> <!-- com.multiplepackage.TestMutipleSession -->
    </test> <!-- Default test -->
  </suite> <!-- Default suite -->
</testng-results>
