<?xml version="1.0" encoding="UTF-8"?>
<testng-results ignored="0" total="2" passed="2" failed="0" skipped="0">
  <reporter-output>
  </reporter-output>
  <suite started-at="2020-06-07T00:14:06 CEST" name="Default suite" finished-at="2020-06-07T00:14:33 CEST" duration-ms="26414">
    <groups>
    </groups>
    <test started-at="2020-06-07T00:14:06 CEST" name="Default test" finished-at="2020-06-07T00:14:33 CEST" duration-ms="26414">
      <class name="com.multiplepackage.TestMutipleSession">
        <test-method signature="executSessionOne()[pri:0, instance:com.multiplepackage.TestMutipleSession@fa36558]" started-at="2020-06-07T00:14:06 CEST" name="executSessionOne" finished-at="2020-06-07T00:14:18 CEST" duration-ms="11840" status="PASS">
          <reporter-output>
          </reporter-output>
        </test-method> <!-- executSessionOne -->
        <test-method signature="executeSessionTwo()[pri:0, instance:com.multiplepackage.TestMutipleSession@fa36558]" started-at="2020-06-07T00:14:18 CEST" name="executeSessionTwo" finished-at="2020-06-07T00:14:33 CEST" duration-ms="14489" status="PASS">
          <reporter-output>
          </reporter-output>
        </test-method> <!-- executeSessionTwo -->
      </class> <!-- com.multiplepackage.TestMutipleSession -->
    </test> <!-- Default test -->
  </suite> <!-- Default suite -->
</testng-results>
