<?xml version="1.0" encoding="UTF-8"?>
<!-- Generated by org.testng.reporters.JUnitXMLReporter -->
<testsuite ignored="0" hostname="DESKTOP-UKPN5A1" failures="0" tests="6" name="Default test" time="26.829" errors="0" timestamp="2020-06-07T17:34:59 CEST">
  <testcase classname="com.day1.ProjectKickOff" name="Launcbrowser" time="17.009"/>
  <testcase classname="com.day1.ProjectKickOff" name="VerifyTitlePage" time="0.036"/>
  <testcase classname="com.day1.ProjectKickOff" name="ClickOnMenuMobile" time="2.066"/>
  <testcase classname="com.day1.ProjectKickOff" name="VerifyTitlePageMobile" time="0.026"/>
  <testcase classname="com.day1.ProjectKickOff" name="SelectDropBox" time="1.766"/>
  <testcase classname="com.day1.ProjectKickOff" name="CloseBrowser" time="5.802"/>
</testsuite> <!-- Default test -->
