<?xml version="1.0" encoding="UTF-8"?>
<testng-results ignored="0" total="1" passed="1" failed="0" skipped="0">
  <reporter-output>
  </reporter-output>
  <suite started-at="2020-06-10T00:20:54 CEST" name="Default suite" finished-at="2020-06-10T00:21:08 CEST" duration-ms="14584">
    <groups>
    </groups>
    <test started-at="2020-06-10T00:20:54 CEST" name="Default test" finished-at="2020-06-10T00:21:08 CEST" duration-ms="14584">
      <class name="test.Test99GuruLogin">
        <test-method is-config="true" signature="setup()[pri:0, instance:test.Test99GuruLogin@55740540]" started-at="2020-06-10T00:20:54 CEST" name="setup" finished-at="2020-06-10T00:21:06 CEST" duration-ms="12696" status="PASS">
          <reporter-output>
          </reporter-output>
        </test-method> <!-- setup -->
        <test-method signature="test_Home_Page_Appear_Correct()[pri:0, instance:test.Test99GuruLogin@55740540]" started-at="2020-06-10T00:21:06 CEST" name="test_Home_Page_Appear_Correct" finished-at="2020-06-10T00:21:08 CEST" duration-ms="1807" status="PASS">
          <reporter-output>
          </reporter-output>
        </test-method> <!-- test_Home_Page_Appear_Correct -->
      </class> <!-- test.Test99GuruLogin -->
    </test> <!-- Default test -->
  </suite> <!-- Default suite -->
</testng-results>
